04-Feb-2025 19:20:04.303 INFO [main] org.apache.catalina.startup.VersionLoggerListener.log Server version name:   Apache Tomcat/11.0.2
04-Feb-2025 19:20:04.314 INFO [main] org.apache.catalina.startup.VersionLoggerListener.log Server built:          Dec 5 2024 15:19:37 UTC
04-Feb-2025 19:20:04.314 INFO [main] org.apache.catalina.startup.VersionLoggerListener.log Server version number: 11.0.2.0
04-Feb-2025 19:20:04.314 INFO [main] org.apache.catalina.startup.VersionLoggerListener.log OS Name:               Windows 11
04-Feb-2025 19:20:04.314 INFO [main] org.apache.catalina.startup.VersionLoggerListener.log OS Version:            10.0
04-Feb-2025 19:20:04.315 INFO [main] org.apache.catalina.startup.VersionLoggerListener.log Architecture:          amd64
04-Feb-2025 19:20:04.315 INFO [main] org.apache.catalina.startup.VersionLoggerListener.log Java Home:             C:\Users\jagratigoyal\.jdks\corretto-17.0.11
04-Feb-2025 19:20:04.315 INFO [main] org.apache.catalina.startup.VersionLoggerListener.log JVM Version:           17.0.11+9-LTS
04-Feb-2025 19:20:04.316 INFO [main] org.apache.catalina.startup.VersionLoggerListener.log JVM Vendor:            Amazon.com Inc.
04-Feb-2025 19:20:04.316 INFO [main] org.apache.catalina.startup.VersionLoggerListener.log CATALINA_BASE:         C:\DDrive\test\TestProject
04-Feb-2025 19:20:04.317 INFO [main] org.apache.catalina.startup.VersionLoggerListener.log CATALINA_HOME:         C:\Program Files\Apache Software Foundation\Tomcat 11.0
04-Feb-2025 19:20:04.340 INFO [main] org.apache.catalina.startup.VersionLoggerListener.log Command line argument: --add-opens=java.base/java.lang=ALL-UNNAMED
04-Feb-2025 19:20:04.340 INFO [main] org.apache.catalina.startup.VersionLoggerListener.log Command line argument: --add-opens=java.base/java.io=ALL-UNNAMED
04-Feb-2025 19:20:04.341 INFO [main] org.apache.catalina.startup.VersionLoggerListener.log Command line argument: --add-opens=java.base/java.util=ALL-UNNAMED
04-Feb-2025 19:20:04.341 INFO [main] org.apache.catalina.startup.VersionLoggerListener.log Command line argument: --add-opens=java.base/java.util.concurrent=ALL-UNNAMED
04-Feb-2025 19:20:04.341 INFO [main] org.apache.catalina.startup.VersionLoggerListener.log Command line argument: --add-opens=java.rmi/sun.rmi.transport=ALL-UNNAMED
04-Feb-2025 19:20:04.342 INFO [main] org.apache.catalina.startup.VersionLoggerListener.log Command line argument: -Dcatalina.home=C:\Program Files\Apache Software Foundation\Tomcat 11.0
04-Feb-2025 19:20:04.342 INFO [main] org.apache.catalina.startup.VersionLoggerListener.log Command line argument: -Dcatalina.base=C:\DDrive\test\TestProject
04-Feb-2025 19:20:04.342 INFO [main] org.apache.catalina.startup.VersionLoggerListener.log Command line argument: -Djava.io.tmpdir=C:\DDrive\test\TestProject\temp
04-Feb-2025 19:20:04.342 INFO [main] org.apache.catalina.startup.VersionLoggerListener.log Command line argument: -Djava.util.logging.config.file=C:\DDrive\test\TestProject\conf\logging.properties
04-Feb-2025 19:20:04.343 INFO [main] org.apache.catalina.startup.VersionLoggerListener.log Command line argument: -Djava.util.logging.manager=org.apache.juli.ClassLoaderLogManager
04-Feb-2025 19:20:04.343 INFO [main] org.apache.catalina.startup.VersionLoggerListener.log Command line argument: -javaagent:C:\DDrive\Softwares\ideaIC-2022.1.4.win\lib\idea_rt.jar=58805:C:\DDrive\Softwares\ideaIC-2022.1.4.win\bin
04-Feb-2025 19:20:04.344 INFO [main] org.apache.catalina.startup.VersionLoggerListener.log Command line argument: -Dfile.encoding=UTF-8
04-Feb-2025 19:20:04.369 INFO [main] org.apache.catalina.core.AprLifecycleListener.lifecycleEvent The Apache Tomcat Native library which allows using OpenSSL was not found on the java.library.path: [C:\Users\jagratigoyal\.jdks\corretto-17.0.11\bin;C:\WINDOWS\Sun\Java\bin;C:\WINDOWS\system32;C:\WINDOWS;C:\WINDOWS\system32;C:\WINDOWS;C:\WINDOWS\System32\Wbem;C:\WINDOWS\System32\WindowsPowerShell\v1.0\;C:\WINDOWS\System32\OpenSSH\;C:\Users\jagratigoyal\java-11-openjdk-11.0.15.9-4.windows.redhat.x86_64\bin;C:\Program Files\TortoiseSVN\bin;C:\Program Files\Git\cmd;C:\DDrive\sapcap data\apache-maven-3.9.8\bin;C:\Program Files\nodejs\;C:\ProgramData\chocolatey\bin;C:\ProgramData\chocolatey\lib\make;C:\ProgramData\chocolatey\lib\make\tools\install\bin;C:\Program Files\SapMachine\JDK\17\bin;C:\Program Files\Docker\Docker\resources\bin;C:\Users\jagratigoyal\AppData\Local\Microsoft\WindowsApps;C:\Program Files\JetBrains\IntelliJ IDEA Community Edition 2022.2.3\bin;;C:\Users\jagratigoyal\AppData\Local\Programs\Microsoft VS Code\bin;C:\Program Files\SapMachine\JDK\17\bin;C:\DDriveData\apache-tomcat-10.1.24-windows-x64\apache-tomcat-10.1.24\bin;C:\Users\jagratigoyal\AppData\Roaming\npm;C:\ProgramData\chocolatey\lib\make;C:\ProgramData\chocolatey\lib\make\tools\install\bin;C:\Users\jagratigoyal\AppData\Roaming\npm\node_modules\@sap\cds-dk\bin;;.]
04-Feb-2025 19:20:04.926 INFO [main] org.apache.coyote.AbstractProtocol.init Initializing ProtocolHandler ["http-nio-8080"]
04-Feb-2025 19:20:04.947 SEVERE [main] org.apache.catalina.util.LifecycleBase.handleSubClassException Failed to initialize component [Connector["http-nio-8080"]]
	org.apache.catalina.LifecycleException: Protocol handler initialization failed
		at org.apache.catalina.connector.Connector.initInternal(Connector.java:1035)
		at org.apache.catalina.util.LifecycleBase.init(LifecycleBase.java:122)
		at org.apache.catalina.core.StandardService.initInternal(StandardService.java:525)
		at org.apache.catalina.util.LifecycleBase.init(LifecycleBase.java:122)
		at org.apache.catalina.core.StandardServer.initInternal(StandardServer.java:953)
		at org.apache.catalina.util.LifecycleBase.init(LifecycleBase.java:122)
		at org.apache.catalina.startup.Catalina.load(Catalina.java:710)
		at org.apache.catalina.startup.Catalina.load(Catalina.java:733)
		at java.base/jdk.internal.reflect.NativeMethodAccessorImpl.invoke0(Native Method)
		at java.base/jdk.internal.reflect.NativeMethodAccessorImpl.invoke(NativeMethodAccessorImpl.java:77)
		at java.base/jdk.internal.reflect.DelegatingMethodAccessorImpl.invoke(DelegatingMethodAccessorImpl.java:43)
		at java.base/java.lang.reflect.Method.invoke(Method.java:568)
		at org.apache.catalina.startup.Bootstrap.load(Bootstrap.java:299)
		at org.apache.catalina.startup.Bootstrap.main(Bootstrap.java:469)
	Caused by: java.net.BindException: Address already in use: bind
		at java.base/sun.nio.ch.Net.bind0(Native Method)
		at java.base/sun.nio.ch.Net.bind(Net.java:555)
		at java.base/sun.nio.ch.ServerSocketChannelImpl.netBind(ServerSocketChannelImpl.java:337)
		at java.base/sun.nio.ch.ServerSocketChannelImpl.bind(ServerSocketChannelImpl.java:294)
		at org.apache.tomcat.util.net.NioEndpoint.initServerSocket(NioEndpoint.java:240)
		at org.apache.tomcat.util.net.NioEndpoint.bind(NioEndpoint.java:195)
		at org.apache.tomcat.util.net.AbstractEndpoint.bindWithCleanup(AbstractEndpoint.java:1472)
		at org.apache.tomcat.util.net.AbstractEndpoint.init(AbstractEndpoint.java:1485)
		at org.apache.coyote.AbstractProtocol.init(AbstractProtocol.java:633)
		at org.apache.coyote.http11.AbstractHttp11Protocol.init(AbstractHttp11Protocol.java:83)
		at org.apache.catalina.connector.Connector.initInternal(Connector.java:1033)
		... 13 more
04-Feb-2025 19:20:04.948 INFO [main] org.apache.catalina.startup.Catalina.load Server initialization in [1071] milliseconds
04-Feb-2025 19:20:05.064 INFO [main] org.apache.catalina.core.StandardService.startInternal Starting service [Catalina]
04-Feb-2025 19:20:05.064 INFO [main] org.apache.catalina.core.StandardEngine.startInternal Starting Servlet engine: [Apache Tomcat/11.0.2]
04-Feb-2025 19:20:05.098 INFO [main] org.apache.catalina.startup.HostConfig.deployDescriptor Deploying deployment descriptor [C:\DDrive\test\TestProject\conf\Catalina\localhost\TestProject.xml]
04-Feb-2025 19:20:06.169 WARNING [main] org.apache.catalina.util.SessionIdGeneratorBase.createSecureRandom Creation of SecureRandom instance for session ID generation using [SHA1PRNG] took [186] milliseconds.
04-Feb-2025 19:20:06.232 INFO [main] org.apache.catalina.startup.HostConfig.deployDescriptor Deployment of deployment descriptor [C:\DDrive\test\TestProject\conf\Catalina\localhost\TestProject.xml] has finished in [1,134] ms
04-Feb-2025 19:20:06.244 INFO [main] org.apache.catalina.startup.Catalina.start Server startup in [1296] milliseconds
04-Feb-2025 19:23:17.801 INFO [Catalina-utility-2] org.apache.catalina.startup.HostConfig.reload Reloading context [/TestProject]
04-Feb-2025 19:23:17.804 INFO [Catalina-utility-2] org.apache.catalina.core.StandardContext.reload Reloading Context with name [/TestProject] has started
04-Feb-2025 19:23:17.921 INFO [Catalina-utility-2] org.apache.catalina.core.StandardContext.reload Reloading Context with name [/TestProject] is completed
04-Feb-2025 19:24:07.981 INFO [Catalina-utility-2] org.apache.catalina.startup.HostConfig.reload Reloading context [/TestProject]
04-Feb-2025 19:24:07.981 INFO [Catalina-utility-2] org.apache.catalina.core.StandardContext.reload Reloading Context with name [/TestProject] has started
04-Feb-2025 19:24:08.022 INFO [Catalina-utility-2] org.apache.catalina.core.StandardContext.reload Reloading Context with name [/TestProject] is completed
04-Feb-2025 19:24:22.429 INFO [Thread-1] org.apache.coyote.AbstractProtocol.pause Pausing ProtocolHandler ["http-nio-8080"]
04-Feb-2025 19:24:22.429 INFO [Thread-1] org.apache.catalina.core.StandardService.stopInternal Stopping service [Catalina]
04-Feb-2025 19:24:22.438 INFO [Thread-1] org.apache.coyote.AbstractProtocol.stop Stopping ProtocolHandler ["http-nio-8080"]
04-Feb-2025 19:24:22.441 INFO [Thread-1] org.apache.coyote.AbstractProtocol.destroy Destroying ProtocolHandler ["http-nio-8080"]
04-Feb-2025 19:24:28.097 INFO [main] org.apache.catalina.startup.VersionLoggerListener.log Server version name:   Apache Tomcat/11.0.2
04-Feb-2025 19:24:28.112 INFO [main] org.apache.catalina.startup.VersionLoggerListener.log Server built:          Dec 5 2024 15:19:37 UTC
04-Feb-2025 19:24:28.113 INFO [main] org.apache.catalina.startup.VersionLoggerListener.log Server version number: 11.0.2.0
04-Feb-2025 19:24:28.114 INFO [main] org.apache.catalina.startup.VersionLoggerListener.log OS Name:               Windows 11
04-Feb-2025 19:24:28.114 INFO [main] org.apache.catalina.startup.VersionLoggerListener.log OS Version:            10.0
04-Feb-2025 19:24:28.114 INFO [main] org.apache.catalina.startup.VersionLoggerListener.log Architecture:          amd64
04-Feb-2025 19:24:28.115 INFO [main] org.apache.catalina.startup.VersionLoggerListener.log Java Home:             C:\Users\jagratigoyal\.jdks\corretto-17.0.11
04-Feb-2025 19:24:28.116 INFO [main] org.apache.catalina.startup.VersionLoggerListener.log JVM Version:           17.0.11+9-LTS
04-Feb-2025 19:24:28.116 INFO [main] org.apache.catalina.startup.VersionLoggerListener.log JVM Vendor:            Amazon.com Inc.
04-Feb-2025 19:24:28.117 INFO [main] org.apache.catalina.startup.VersionLoggerListener.log CATALINA_BASE:         C:\DDrive\test\TestProject
04-Feb-2025 19:24:28.117 INFO [main] org.apache.catalina.startup.VersionLoggerListener.log CATALINA_HOME:         C:\Program Files\Apache Software Foundation\Tomcat 11.0
04-Feb-2025 19:24:28.156 INFO [main] org.apache.catalina.startup.VersionLoggerListener.log Command line argument: --add-opens=java.base/java.lang=ALL-UNNAMED
04-Feb-2025 19:24:28.157 INFO [main] org.apache.catalina.startup.VersionLoggerListener.log Command line argument: --add-opens=java.base/java.io=ALL-UNNAMED
04-Feb-2025 19:24:28.157 INFO [main] org.apache.catalina.startup.VersionLoggerListener.log Command line argument: --add-opens=java.base/java.util=ALL-UNNAMED
04-Feb-2025 19:24:28.158 INFO [main] org.apache.catalina.startup.VersionLoggerListener.log Command line argument: --add-opens=java.base/java.util.concurrent=ALL-UNNAMED
04-Feb-2025 19:24:28.158 INFO [main] org.apache.catalina.startup.VersionLoggerListener.log Command line argument: --add-opens=java.rmi/sun.rmi.transport=ALL-UNNAMED
04-Feb-2025 19:24:28.159 INFO [main] org.apache.catalina.startup.VersionLoggerListener.log Command line argument: -Dcatalina.home=C:\Program Files\Apache Software Foundation\Tomcat 11.0
04-Feb-2025 19:24:28.159 INFO [main] org.apache.catalina.startup.VersionLoggerListener.log Command line argument: -Dcatalina.base=C:\DDrive\test\TestProject
04-Feb-2025 19:24:28.159 INFO [main] org.apache.catalina.startup.VersionLoggerListener.log Command line argument: -Djava.io.tmpdir=C:\DDrive\test\TestProject\temp
04-Feb-2025 19:24:28.160 INFO [main] org.apache.catalina.startup.VersionLoggerListener.log Command line argument: -Djava.util.logging.config.file=C:\DDrive\test\TestProject\conf\logging.properties
04-Feb-2025 19:24:28.160 INFO [main] org.apache.catalina.startup.VersionLoggerListener.log Command line argument: -Djava.util.logging.manager=org.apache.juli.ClassLoaderLogManager
04-Feb-2025 19:24:28.160 INFO [main] org.apache.catalina.startup.VersionLoggerListener.log Command line argument: -javaagent:C:\DDrive\Softwares\ideaIC-2022.1.4.win\lib\idea_rt.jar=59728:C:\DDrive\Softwares\ideaIC-2022.1.4.win\bin
04-Feb-2025 19:24:28.161 INFO [main] org.apache.catalina.startup.VersionLoggerListener.log Command line argument: -Dfile.encoding=UTF-8
04-Feb-2025 19:24:28.211 INFO [main] org.apache.catalina.core.AprLifecycleListener.lifecycleEvent The Apache Tomcat Native library which allows using OpenSSL was not found on the java.library.path: [C:\Users\jagratigoyal\.jdks\corretto-17.0.11\bin;C:\WINDOWS\Sun\Java\bin;C:\WINDOWS\system32;C:\WINDOWS;C:\WINDOWS\system32;C:\WINDOWS;C:\WINDOWS\System32\Wbem;C:\WINDOWS\System32\WindowsPowerShell\v1.0\;C:\WINDOWS\System32\OpenSSH\;C:\Users\jagratigoyal\java-11-openjdk-11.0.15.9-4.windows.redhat.x86_64\bin;C:\Program Files\TortoiseSVN\bin;C:\Program Files\Git\cmd;C:\DDrive\sapcap data\apache-maven-3.9.8\bin;C:\Program Files\nodejs\;C:\ProgramData\chocolatey\bin;C:\ProgramData\chocolatey\lib\make;C:\ProgramData\chocolatey\lib\make\tools\install\bin;C:\Program Files\SapMachine\JDK\17\bin;C:\Program Files\Docker\Docker\resources\bin;C:\Users\jagratigoyal\AppData\Local\Microsoft\WindowsApps;C:\Program Files\JetBrains\IntelliJ IDEA Community Edition 2022.2.3\bin;;C:\Users\jagratigoyal\AppData\Local\Programs\Microsoft VS Code\bin;C:\Program Files\SapMachine\JDK\17\bin;C:\DDriveData\apache-tomcat-10.1.24-windows-x64\apache-tomcat-10.1.24\bin;C:\Users\jagratigoyal\AppData\Roaming\npm;C:\ProgramData\chocolatey\lib\make;C:\ProgramData\chocolatey\lib\make\tools\install\bin;C:\Users\jagratigoyal\AppData\Roaming\npm\node_modules\@sap\cds-dk\bin;;.]
04-Feb-2025 19:24:29.223 INFO [main] org.apache.coyote.AbstractProtocol.init Initializing ProtocolHandler ["http-nio-8080"]
04-Feb-2025 19:24:29.258 SEVERE [main] org.apache.catalina.util.LifecycleBase.handleSubClassException Failed to initialize component [Connector["http-nio-8080"]]
	org.apache.catalina.LifecycleException: Protocol handler initialization failed
		at org.apache.catalina.connector.Connector.initInternal(Connector.java:1035)
		at org.apache.catalina.util.LifecycleBase.init(LifecycleBase.java:122)
		at org.apache.catalina.core.StandardService.initInternal(StandardService.java:525)
		at org.apache.catalina.util.LifecycleBase.init(LifecycleBase.java:122)
		at org.apache.catalina.core.StandardServer.initInternal(StandardServer.java:953)
		at org.apache.catalina.util.LifecycleBase.init(LifecycleBase.java:122)
		at org.apache.catalina.startup.Catalina.load(Catalina.java:710)
		at org.apache.catalina.startup.Catalina.load(Catalina.java:733)
		at java.base/jdk.internal.reflect.NativeMethodAccessorImpl.invoke0(Native Method)
		at java.base/jdk.internal.reflect.NativeMethodAccessorImpl.invoke(NativeMethodAccessorImpl.java:77)
		at java.base/jdk.internal.reflect.DelegatingMethodAccessorImpl.invoke(DelegatingMethodAccessorImpl.java:43)
		at java.base/java.lang.reflect.Method.invoke(Method.java:568)
		at org.apache.catalina.startup.Bootstrap.load(Bootstrap.java:299)
		at org.apache.catalina.startup.Bootstrap.main(Bootstrap.java:469)
	Caused by: java.net.BindException: Address already in use: bind
		at java.base/sun.nio.ch.Net.bind0(Native Method)
		at java.base/sun.nio.ch.Net.bind(Net.java:555)
		at java.base/sun.nio.ch.ServerSocketChannelImpl.netBind(ServerSocketChannelImpl.java:337)
		at java.base/sun.nio.ch.ServerSocketChannelImpl.bind(ServerSocketChannelImpl.java:294)
		at org.apache.tomcat.util.net.NioEndpoint.initServerSocket(NioEndpoint.java:240)
		at org.apache.tomcat.util.net.NioEndpoint.bind(NioEndpoint.java:195)
		at org.apache.tomcat.util.net.AbstractEndpoint.bindWithCleanup(AbstractEndpoint.java:1472)
		at org.apache.tomcat.util.net.AbstractEndpoint.init(AbstractEndpoint.java:1485)
		at org.apache.coyote.AbstractProtocol.init(AbstractProtocol.java:633)
		at org.apache.coyote.http11.AbstractHttp11Protocol.init(AbstractHttp11Protocol.java:83)
		at org.apache.catalina.connector.Connector.initInternal(Connector.java:1033)
		... 13 more
04-Feb-2025 19:24:29.261 INFO [main] org.apache.catalina.startup.Catalina.load Server initialization in [1904] milliseconds
04-Feb-2025 19:24:29.403 INFO [main] org.apache.catalina.core.StandardService.startInternal Starting service [Catalina]
04-Feb-2025 19:24:29.403 INFO [main] org.apache.catalina.core.StandardEngine.startInternal Starting Servlet engine: [Apache Tomcat/11.0.2]
04-Feb-2025 19:24:29.443 INFO [main] org.apache.catalina.startup.HostConfig.deployDescriptor Deploying deployment descriptor [C:\DDrive\test\TestProject\conf\Catalina\localhost\TestProject.xml]
04-Feb-2025 19:24:30.788 WARNING [main] org.apache.catalina.util.SessionIdGeneratorBase.createSecureRandom Creation of SecureRandom instance for session ID generation using [SHA1PRNG] took [272] milliseconds.
04-Feb-2025 19:24:30.852 INFO [main] org.apache.catalina.startup.HostConfig.deployDescriptor Deployment of deployment descriptor [C:\DDrive\test\TestProject\conf\Catalina\localhost\TestProject.xml] has finished in [1,408] ms
04-Feb-2025 19:24:30.866 INFO [main] org.apache.catalina.startup.Catalina.start Server startup in [1603] milliseconds
04-Feb-2025 19:25:19.303 INFO [Thread-1] org.apache.coyote.AbstractProtocol.pause Pausing ProtocolHandler ["http-nio-8080"]
04-Feb-2025 19:25:19.303 INFO [Thread-1] org.apache.catalina.core.StandardService.stopInternal Stopping service [Catalina]
04-Feb-2025 19:25:19.319 INFO [Thread-1] org.apache.coyote.AbstractProtocol.stop Stopping ProtocolHandler ["http-nio-8080"]
04-Feb-2025 19:25:19.321 INFO [Thread-1] org.apache.coyote.AbstractProtocol.destroy Destroying ProtocolHandler ["http-nio-8080"]
